2020-11-28 04:24:41,543 [Worker-4: Loading available Gradle versions] INFO  o.e.b.c.i.u.g.PublishedGradleVersions - Gradle version information cache is out-of-date. Trying to update.
2020-11-28 04:38:42,214 [Worker-5: Import Getting Started Content] INFO  o.e.m.c.i.l.LifecycleMappingFactory - Using org.eclipse.m2e.jdt.JarLifecycleMapping lifecycle mapping for MavenProject: com.algaworks:algafood-api:0.0.1-SNAPSHOT @ D:\2020\applications\Java\workspace-spring-tool-suite-4-4.8.1.RELEASE\curso-especialista-spring-rest\projeto1\algafood-api\pom.xml.
2020-11-28 04:38:53,697 [Worker-5: Import Getting Started Content] INFO  o.e.m.j.i.AbstractJavaProjectConfigurator - Adding source folder /algafood-api/src/main/java
2020-11-28 04:38:53,698 [Worker-5: Import Getting Started Content] INFO  o.e.m.j.i.AbstractJavaProjectConfigurator - Adding resource folder /algafood-api/src/main/resources
2020-11-28 04:38:53,729 [Worker-5: Import Getting Started Content] INFO  o.e.m.j.i.AbstractJavaProjectConfigurator - Adding resource folder /algafood-api/src/main/resources
2020-11-28 04:38:53,757 [Worker-5: Import Getting Started Content] INFO  o.e.m.j.i.AbstractJavaProjectConfigurator - Adding source folder /algafood-api/src/test/java
2020-11-28 04:39:19,631 [Worker-5: Import Getting Started Content] INFO  o.e.m.c.i.p.ProjectConfigurationManager - Imported and configured 1 project(s) in 50 sec
2020-11-28 04:39:19,638 [Worker-5: Import Getting Started Content] INFO  o.e.m.c.i.p.ProjectConfigurationManager - Update started
2020-11-28 04:39:21,563 [Worker-5: Import Getting Started Content] INFO  o.e.m.c.i.l.LifecycleMappingFactory - Using org.eclipse.m2e.jdt.JarLifecycleMapping lifecycle mapping for MavenProject: com.algaworks:algafood-api:0.0.1-SNAPSHOT @ D:\2020\applications\Java\workspace-spring-tool-suite-4-4.8.1.RELEASE\curso-especialista-spring-rest\projeto1\algafood-api\pom.xml.
2020-11-28 04:39:23,462 [Worker-5: Import Getting Started Content] INFO  o.e.m.j.i.AbstractJavaProjectConfigurator - Adding source folder /algafood-api/src/main/java
2020-11-28 04:39:23,462 [Worker-5: Import Getting Started Content] INFO  o.e.m.j.i.AbstractJavaProjectConfigurator - Adding resource folder /algafood-api/src/main/resources
2020-11-28 04:39:23,463 [Worker-5: Import Getting Started Content] INFO  o.e.m.j.i.AbstractJavaProjectConfigurator - Adding resource folder /algafood-api/src/main/resources
2020-11-28 04:39:23,464 [Worker-5: Import Getting Started Content] INFO  o.e.m.j.i.AbstractJavaProjectConfigurator - Adding source folder /algafood-api/src/test/java
2020-11-28 04:39:24,906 [Worker-5: Import Getting Started Content] INFO  o.e.m.c.i.p.ProjectConfigurationManager - Update completed: 5 sec
2020-11-28 04:39:28,057 [Worker-3: Building] INFO  o.e.m.c.i.embedder.EclipseLogger - Using 'UTF-8' encoding to copy filtered resources.
2020-11-28 04:39:28,057 [Worker-3: Building] INFO  o.e.m.c.i.embedder.EclipseLogger - Using 'UTF-8' encoding to copy filtered properties files.
2020-11-28 04:39:28,119 [Worker-3: Building] INFO  o.e.m.c.i.embedder.EclipseLogger - Copying 1 resource
2020-11-28 04:39:28,187 [Worker-3: Building] INFO  o.e.m.c.i.embedder.EclipseLogger - Copying 0 resource
2020-11-28 04:39:28,188 [Worker-3: Building] INFO  o.e.m.c.i.embedder.EclipseLogger - The encoding used to copy filtered properties files have not been set. This means that the same encoding will be used to copy filtered properties files as when copying other filtered resources. This might not be what you want! Run your build with --debug to see which files might be affected. Read more at https://maven.apache.org/plugins/maven-resources-plugin/examples/filtering-properties-files.html
2020-11-28 04:39:28,191 [Worker-3: Building] INFO  o.e.m.c.i.embedder.EclipseLogger - Using 'UTF-8' encoding to copy filtered resources.
2020-11-28 04:39:28,191 [Worker-3: Building] INFO  o.e.m.c.i.embedder.EclipseLogger - Using 'UTF-8' encoding to copy filtered properties files.
2020-11-28 04:39:28,191 [Worker-3: Building] INFO  o.e.m.c.i.embedder.EclipseLogger - skip non existing resourceDirectory D:\2020\applications\Java\workspace-spring-tool-suite-4-4.8.1.RELEASE\curso-especialista-spring-rest\projeto1\algafood-api\src\test\resources
2020-11-28 04:53:17,942 [Worker-14: Building] INFO  o.e.m.c.i.embedder.EclipseLogger - Using 'UTF-8' encoding to copy filtered resources.
2020-11-28 04:53:18,031 [Worker-14: Building] INFO  o.e.m.c.i.embedder.EclipseLogger - Using 'UTF-8' encoding to copy filtered properties files.
2020-11-28 04:53:18,226 [Worker-14: Building] INFO  o.e.m.c.i.embedder.EclipseLogger - Copying 1 resource
2020-11-28 04:53:18,230 [Worker-14: Building] INFO  o.e.m.c.i.embedder.EclipseLogger - Copying 0 resource
2020-11-28 04:53:18,231 [Worker-14: Building] INFO  o.e.m.c.i.embedder.EclipseLogger - The encoding used to copy filtered properties files have not been set. This means that the same encoding will be used to copy filtered properties files as when copying other filtered resources. This might not be what you want! Run your build with --debug to see which files might be affected. Read more at https://maven.apache.org/plugins/maven-resources-plugin/examples/filtering-properties-files.html
2020-11-28 04:53:18,234 [Worker-14: Building] INFO  o.e.m.c.i.embedder.EclipseLogger - Using 'UTF-8' encoding to copy filtered resources.
2020-11-28 04:53:18,234 [Worker-14: Building] INFO  o.e.m.c.i.embedder.EclipseLogger - Using 'UTF-8' encoding to copy filtered properties files.
2020-11-28 04:53:18,234 [Worker-14: Building] INFO  o.e.m.c.i.embedder.EclipseLogger - skip non existing resourceDirectory D:\2020\applications\Java\workspace-spring-tool-suite-4-4.8.1.RELEASE\curso-especialista-spring-rest\projeto1\algafood-api\src\test\resources
2020-11-28 04:55:04,600 [Worker-17: Building] INFO  o.e.m.c.i.embedder.EclipseLogger - Using 'UTF-8' encoding to copy filtered resources.
2020-11-28 04:55:04,600 [Worker-17: Building] INFO  o.e.m.c.i.embedder.EclipseLogger - Using 'UTF-8' encoding to copy filtered properties files.
2020-11-28 04:55:04,602 [Worker-17: Building] INFO  o.e.m.c.i.embedder.EclipseLogger - Copying 1 resource
2020-11-28 04:55:04,611 [Worker-17: Building] INFO  o.e.m.c.i.embedder.EclipseLogger - Copying 0 resource
2020-11-28 04:55:04,612 [Worker-17: Building] INFO  o.e.m.c.i.embedder.EclipseLogger - The encoding used to copy filtered properties files have not been set. This means that the same encoding will be used to copy filtered properties files as when copying other filtered resources. This might not be what you want! Run your build with --debug to see which files might be affected. Read more at https://maven.apache.org/plugins/maven-resources-plugin/examples/filtering-properties-files.html
2020-11-28 04:55:04,617 [Worker-17: Building] INFO  o.e.m.c.i.embedder.EclipseLogger - Using 'UTF-8' encoding to copy filtered resources.
2020-11-28 04:55:04,617 [Worker-17: Building] INFO  o.e.m.c.i.embedder.EclipseLogger - Using 'UTF-8' encoding to copy filtered properties files.
2020-11-28 04:55:04,617 [Worker-17: Building] INFO  o.e.m.c.i.embedder.EclipseLogger - skip non existing resourceDirectory D:\2020\applications\Java\workspace-spring-tool-suite-4-4.8.1.RELEASE\curso-especialista-spring-rest\projeto1\algafood-api\src\test\resources
2020-11-28 04:59:37,016 [Worker-19: Launching algafood-api - AlgafoodApiApplication] INFO  o.e.m.c.i.l.LifecycleMappingFactory - Using org.eclipse.m2e.jdt.JarLifecycleMapping lifecycle mapping for MavenProject: com.algaworks:algafood-api:0.0.1-SNAPSHOT @ D:\2020\applications\Java\workspace-spring-tool-suite-4-4.8.1.RELEASE\curso-especialista-spring-rest\projeto1\algafood-api\pom.xml.
2020-11-28 04:59:44,447 [Worker-19: Launching algafood-api - AlgafoodApiApplication] INFO  o.e.m.c.i.embedder.EclipseLogger - Using 'UTF-8' encoding to copy filtered resources.
2020-11-28 04:59:44,451 [Worker-19: Launching algafood-api - AlgafoodApiApplication] INFO  o.e.m.c.i.embedder.EclipseLogger - Copying 0 resource
2020-11-28 04:59:44,452 [Worker-19: Launching algafood-api - AlgafoodApiApplication] INFO  o.e.m.c.i.embedder.EclipseLogger - Copying 0 resource
2020-11-28 04:59:44,456 [Worker-19: Launching algafood-api - AlgafoodApiApplication] INFO  o.e.m.c.i.embedder.EclipseLogger - Using 'UTF-8' encoding to copy filtered resources.
2020-11-28 04:59:44,456 [Worker-19: Launching algafood-api - AlgafoodApiApplication] INFO  o.e.m.c.i.embedder.EclipseLogger - skip non existing resourceDirectory D:\2020\applications\Java\workspace-spring-tool-suite-4-4.8.1.RELEASE\curso-especialista-spring-rest\projeto1\algafood-api\src\test\resources
2020-11-28 04:59:48,570 [Worker-14: Building] INFO  o.e.m.c.i.embedder.EclipseLogger - Using 'UTF-8' encoding to copy filtered resources.
2020-11-28 04:59:48,572 [Worker-14: Building] INFO  o.e.m.c.i.embedder.EclipseLogger - Copying 1 resource
2020-11-28 04:59:48,594 [Worker-14: Building] INFO  o.e.m.c.i.embedder.EclipseLogger - Copying 0 resource
2020-11-28 04:59:48,600 [Worker-14: Building] INFO  o.e.m.c.i.embedder.EclipseLogger - Using 'UTF-8' encoding to copy filtered resources.
2020-11-28 04:59:48,600 [Worker-14: Building] INFO  o.e.m.c.i.embedder.EclipseLogger - skip non existing resourceDirectory D:\2020\applications\Java\workspace-spring-tool-suite-4-4.8.1.RELEASE\curso-especialista-spring-rest\projeto1\algafood-api\src\test\resources
2020-11-28 05:02:55,031 [Worker-14: Updating Maven Project] INFO  o.e.m.c.i.p.ProjectConfigurationManager - Update started
2020-11-28 05:02:59,342 [Worker-14: Updating Maven Project] INFO  o.e.m.c.i.l.LifecycleMappingFactory - Using org.eclipse.m2e.jdt.JarLifecycleMapping lifecycle mapping for MavenProject: com.algaworks:algafood-api:0.0.1-SNAPSHOT @ D:\2020\applications\Java\workspace-spring-tool-suite-4-4.8.1.RELEASE\curso-especialista-spring-rest\projeto1\algafood-api\pom.xml.
2020-11-28 05:03:03,088 [Worker-14: Updating Maven Project] INFO  o.e.m.j.i.AbstractJavaProjectConfigurator - Adding source folder /algafood-api/src/main/java
2020-11-28 05:03:03,088 [Worker-14: Updating Maven Project] INFO  o.e.m.j.i.AbstractJavaProjectConfigurator - Adding resource folder /algafood-api/src/main/resources
2020-11-28 05:03:03,089 [Worker-14: Updating Maven Project] INFO  o.e.m.j.i.AbstractJavaProjectConfigurator - Adding resource folder /algafood-api/src/main/resources
2020-11-28 05:03:03,090 [Worker-14: Updating Maven Project] INFO  o.e.m.j.i.AbstractJavaProjectConfigurator - Adding source folder /algafood-api/src/test/java
2020-11-28 05:03:04,562 [Worker-14: Updating Maven Project] INFO  o.e.m.c.i.p.ProjectConfigurationManager - Update completed: 9 sec
2020-11-28 05:03:05,834 [Worker-25: Building] INFO  o.e.m.c.i.embedder.EclipseLogger - Using 'UTF-8' encoding to copy filtered resources.
2020-11-28 05:03:05,835 [Worker-25: Building] INFO  o.e.m.c.i.embedder.EclipseLogger - Copying 1 resource
2020-11-28 05:03:05,854 [Worker-25: Building] INFO  o.e.m.c.i.embedder.EclipseLogger - Copying 0 resource
2020-11-28 05:03:05,858 [Worker-25: Building] INFO  o.e.m.c.i.embedder.EclipseLogger - Using 'UTF-8' encoding to copy filtered resources.
2020-11-28 05:03:05,859 [Worker-25: Building] INFO  o.e.m.c.i.embedder.EclipseLogger - skip non existing resourceDirectory D:\2020\applications\Java\workspace-spring-tool-suite-4-4.8.1.RELEASE\curso-especialista-spring-rest\projeto1\algafood-api\src\test\resources
2020-11-28 05:17:45,658 [Worker-25: Building] INFO  o.e.m.c.i.embedder.EclipseLogger - Using 'UTF-8' encoding to copy filtered resources.
2020-11-28 05:17:46,535 [Worker-25: Building] INFO  o.e.m.c.i.embedder.EclipseLogger - Copying 1 resource
2020-11-28 05:17:46,539 [Worker-25: Building] INFO  o.e.m.c.i.embedder.EclipseLogger - Copying 0 resource
2020-11-28 05:17:46,544 [Worker-25: Building] INFO  o.e.m.c.i.embedder.EclipseLogger - Using 'UTF-8' encoding to copy filtered resources.
2020-11-28 05:17:46,544 [Worker-25: Building] INFO  o.e.m.c.i.embedder.EclipseLogger - skip non existing resourceDirectory D:\2020\applications\Java\workspace-spring-tool-suite-4-4.8.1.RELEASE\curso-especialista-spring-rest\projeto1\algafood-api\src\test\resources
2020-11-28 05:21:47,587 [Worker-40: Building] INFO  o.e.m.c.i.embedder.EclipseLogger - Using 'UTF-8' encoding to copy filtered resources.
2020-11-28 05:21:47,588 [Worker-40: Building] INFO  o.e.m.c.i.embedder.EclipseLogger - Copying 1 resource
2020-11-28 05:21:47,629 [Worker-40: Building] INFO  o.e.m.c.i.embedder.EclipseLogger - Copying 0 resource
2020-11-28 05:21:47,648 [Worker-40: Building] INFO  o.e.m.c.i.embedder.EclipseLogger - Using 'UTF-8' encoding to copy filtered resources.
2020-11-28 05:21:47,648 [Worker-40: Building] INFO  o.e.m.c.i.embedder.EclipseLogger - skip non existing resourceDirectory D:\2020\applications\Java\workspace-spring-tool-suite-4-4.8.1.RELEASE\curso-especialista-spring-rest\projeto1\algafood-api\src\test\resources
2020-11-28 06:23:47,349 [Worker-49: Building] INFO  o.e.m.c.i.l.LifecycleMappingFactory - Using org.eclipse.m2e.jdt.JarLifecycleMapping lifecycle mapping for MavenProject: com.algaworks:algafood-api:0.0.1-SNAPSHOT @ D:\2020\applications\Java\workspace-spring-tool-suite-4-4.8.1.RELEASE\curso-especialista-spring-rest\projeto1\algafood-api\pom.xml.
2020-11-28 06:24:27,142 [Worker-49: Building] INFO  o.e.m.c.i.embedder.EclipseLogger - Using 'UTF-8' encoding to copy filtered resources.
2020-11-28 06:24:27,273 [Worker-49: Building] INFO  o.e.m.c.i.embedder.EclipseLogger - Copying 1 resource
2020-11-28 06:24:27,394 [Worker-49: Building] INFO  o.e.m.c.i.embedder.EclipseLogger - Copying 0 resource
2020-11-28 06:24:27,421 [Worker-49: Building] INFO  o.e.m.c.i.embedder.EclipseLogger - Using 'UTF-8' encoding to copy filtered resources.
2020-11-28 06:24:27,422 [Worker-49: Building] INFO  o.e.m.c.i.embedder.EclipseLogger - skip non existing resourceDirectory D:\2020\applications\Java\workspace-spring-tool-suite-4-4.8.1.RELEASE\curso-especialista-spring-rest\projeto1\algafood-api\src\test\resources
2020-11-28 06:24:40,224 [Worker-45: Building] INFO  o.e.m.c.i.embedder.EclipseLogger - Using 'UTF-8' encoding to copy filtered resources.
2020-11-28 06:24:40,318 [Worker-45: Building] INFO  o.e.m.c.i.embedder.EclipseLogger - Copying 1 resource
2020-11-28 06:24:40,322 [Worker-45: Building] INFO  o.e.m.c.i.embedder.EclipseLogger - Copying 0 resource
2020-11-28 06:24:40,898 [Worker-45: Building] INFO  o.e.m.c.i.embedder.EclipseLogger - Using 'UTF-8' encoding to copy filtered resources.
2020-11-28 06:24:40,899 [Worker-45: Building] INFO  o.e.m.c.i.embedder.EclipseLogger - skip non existing resourceDirectory D:\2020\applications\Java\workspace-spring-tool-suite-4-4.8.1.RELEASE\curso-especialista-spring-rest\projeto1\algafood-api\src\test\resources
2020-11-28 06:57:45,259 [Worker-57: Building] INFO  o.e.m.c.i.embedder.EclipseLogger - Using 'UTF-8' encoding to copy filtered resources.
2020-11-28 06:57:45,473 [Worker-57: Building] INFO  o.e.m.c.i.embedder.EclipseLogger - Copying 1 resource
2020-11-28 06:57:45,640 [Worker-57: Building] INFO  o.e.m.c.i.embedder.EclipseLogger - Copying 0 resource
2020-11-28 06:57:45,860 [Worker-57: Building] INFO  o.e.m.c.i.embedder.EclipseLogger - Using 'UTF-8' encoding to copy filtered resources.
2020-11-28 06:57:45,861 [Worker-57: Building] INFO  o.e.m.c.i.embedder.EclipseLogger - skip non existing resourceDirectory D:\2020\applications\Java\workspace-spring-tool-suite-4-4.8.1.RELEASE\curso-especialista-spring-rest\projeto1\algafood-api\src\test\resources
2020-11-28 06:59:39,504 [Worker-56: Building] INFO  o.e.m.c.i.embedder.EclipseLogger - Using 'UTF-8' encoding to copy filtered resources.
2020-11-28 06:59:39,506 [Worker-56: Building] INFO  o.e.m.c.i.embedder.EclipseLogger - Copying 1 resource
2020-11-28 06:59:39,515 [Worker-56: Building] INFO  o.e.m.c.i.embedder.EclipseLogger - Copying 0 resource
2020-11-28 06:59:39,518 [Worker-56: Building] INFO  o.e.m.c.i.embedder.EclipseLogger - Using 'UTF-8' encoding to copy filtered resources.
2020-11-28 06:59:39,518 [Worker-56: Building] INFO  o.e.m.c.i.embedder.EclipseLogger - skip non existing resourceDirectory D:\2020\applications\Java\workspace-spring-tool-suite-4-4.8.1.RELEASE\curso-especialista-spring-rest\projeto1\algafood-api\src\test\resources
